0 info it worked if it ends with ok
1 verbose cli [ '/usr/bin/node', '/usr/bin/npm', 'install', 'node' ]
2 info using npm@3.5.2
3 info using node@v8.10.0
4 silly loadCurrentTree Starting
5 silly install loadCurrentTree
6 silly install readLocalPackageData
7 silly fetchPackageMetaData node
8 silly fetchNamedPackageData node
9 silly mapToRegistry name node
10 silly mapToRegistry using default registry
11 silly mapToRegistry registry https://registry.npmjs.org/
12 silly mapToRegistry uri https://registry.npmjs.org/node
13 verbose request uri https://registry.npmjs.org/node
14 verbose request no auth needed
15 info attempt registry request try #1 at 22:07:59
16 verbose request id b608c7c002beab30
17 http request GET https://registry.npmjs.org/node
18 http 200 https://registry.npmjs.org/node
19 verbose headers { date: 'Wed, 31 Jul 2019 19:07:59 GMT',
19 verbose headers   'content-type': 'application/json',
19 verbose headers   'transfer-encoding': 'chunked',
19 verbose headers   connection: 'keep-alive',
19 verbose headers   'set-cookie':
19 verbose headers    [ '__cfduid=d8868c6fee43e60e7c205e7406c13a6e11564600079; expires=Thu, 30-Jul-20 19:07:59 GMT; path=/; domain=.npmjs.org; HttpOnly' ],
19 verbose headers   'cf-cache-status': 'HIT',
19 verbose headers   'cache-control': 'max-age=300',
19 verbose headers   'cf-ray': '4ff1dbc27e7c4e64-DME',
19 verbose headers   etag: 'W/"503e352e2cf398f7c51e95842f664e27"',
19 verbose headers   'expect-ct': 'max-age=604800, report-uri="https://report-uri.cloudflare.com/cdn-cgi/beacon/expect-ct"',
19 verbose headers   'last-modified': 'Wed, 24 Jul 2019 04:55:15 GMT',
19 verbose headers   vary: 'accept-encoding, accept',
19 verbose headers   'x-amz-meta-rev': '484-4626a2e4d10ba7e0c7440623f466d25a',
19 verbose headers   server: 'cloudflare',
19 verbose headers   'content-encoding': 'gzip' }
20 silly get cb [ 200,
20 silly get   { date: 'Wed, 31 Jul 2019 19:07:59 GMT',
20 silly get     'content-type': 'application/json',
20 silly get     'transfer-encoding': 'chunked',
20 silly get     connection: 'keep-alive',
20 silly get     'set-cookie':
20 silly get      [ '__cfduid=d8868c6fee43e60e7c205e7406c13a6e11564600079; expires=Thu, 30-Jul-20 19:07:59 GMT; path=/; domain=.npmjs.org; HttpOnly' ],
20 silly get     'cf-cache-status': 'HIT',
20 silly get     'cache-control': 'max-age=300',
20 silly get     'cf-ray': '4ff1dbc27e7c4e64-DME',
20 silly get     etag: 'W/"503e352e2cf398f7c51e95842f664e27"',
20 silly get     'expect-ct': 'max-age=604800, report-uri="https://report-uri.cloudflare.com/cdn-cgi/beacon/expect-ct"',
20 silly get     'last-modified': 'Wed, 24 Jul 2019 04:55:15 GMT',
20 silly get     vary: 'accept-encoding, accept',
20 silly get     'x-amz-meta-rev': '484-4626a2e4d10ba7e0c7440623f466d25a',
20 silly get     server: 'cloudflare',
20 silly get     'content-encoding': 'gzip' } ]
21 verbose get saving node to /home/stepan/.npm/registry.npmjs.org/node/.cache.json
22 silly install normalizeTree
23 silly loadCurrentTree Finishing
24 silly loadIdealTree Starting
25 silly install loadIdealTree
26 silly cloneCurrentTree Starting
27 silly install cloneCurrentTreeToIdealTree
28 silly cloneCurrentTree Finishing
29 silly loadShrinkwrap Starting
30 silly install loadShrinkwrap
31 silly loadShrinkwrap Finishing
32 silly loadAllDepsIntoIdealTree Starting
33 silly install loadAllDepsIntoIdealTree
34 silly resolveWithNewModule node@12.7.0 checking installable status
35 silly cache add args [ 'node', null ]
36 verbose cache add spec node
37 silly cache add parsed spec Result {
37 silly cache add   raw: 'node',
37 silly cache add   scope: null,
37 silly cache add   name: 'node',
37 silly cache add   rawSpec: '',
37 silly cache add   spec: 'latest',
37 silly cache add   type: 'tag' }
38 silly addNamed node@latest
39 verbose addNamed "latest" is being treated as a dist-tag for node
40 info addNameTag [ 'node', 'latest' ]
41 silly mapToRegistry name node
42 silly mapToRegistry using default registry
43 silly mapToRegistry registry https://registry.npmjs.org/
44 silly mapToRegistry uri https://registry.npmjs.org/node
45 verbose addNameTag registry:https://registry.npmjs.org/node not in flight; fetching
46 verbose get https://registry.npmjs.org/node not expired, no request
47 silly addNameTag next cb for node with tag latest
48 silly addNamed node@12.7.0
49 verbose addNamed "12.7.0" is a plain semver version for node
50 silly mapToRegistry name node
51 silly mapToRegistry using default registry
52 silly mapToRegistry registry https://registry.npmjs.org/
53 silly mapToRegistry uri https://registry.npmjs.org/node
54 verbose addRemoteTarball https://registry.npmjs.org/node/-/node-12.7.0.tgz not in flight; adding
55 verbose addRemoteTarball [ 'https://registry.npmjs.org/node/-/node-12.7.0.tgz',
55 verbose addRemoteTarball   'bf6ecdc7ba033adce620fed1712dd6d45464221e' ]
56 info retry fetch attempt 1 at 22:08:00
57 info attempt registry request try #1 at 22:08:00
58 http fetch GET https://registry.npmjs.org/node/-/node-12.7.0.tgz
59 http fetch 200 https://registry.npmjs.org/node/-/node-12.7.0.tgz
60 silly fetchAndShaCheck shasum bf6ecdc7ba033adce620fed1712dd6d45464221e
61 verbose addTmpTarball /tmp/npm-14691-cbc72144/registry.npmjs.org/node/-/node-12.7.0.tgz not in flight; adding
62 verbose addTmpTarball already have metadata; skipping unpack for node@12.7.0
63 silly cache afterAdd node@12.7.0
64 verbose afterAdd /home/stepan/.npm/node/12.7.0/package/package.json not in flight; writing
65 verbose afterAdd /home/stepan/.npm/node/12.7.0/package/package.json written
66 silly fetchNamedPackageData node-bin-setup
67 silly mapToRegistry name node-bin-setup
68 silly mapToRegistry using default registry
69 silly mapToRegistry registry https://registry.npmjs.org/
70 silly mapToRegistry uri https://registry.npmjs.org/node-bin-setup
71 verbose request uri https://registry.npmjs.org/node-bin-setup
72 verbose request no auth needed
73 info attempt registry request try #1 at 22:08:00
74 http request GET https://registry.npmjs.org/node-bin-setup
75 http 200 https://registry.npmjs.org/node-bin-setup
76 verbose headers { date: 'Wed, 31 Jul 2019 19:08:00 GMT',
76 verbose headers   'content-type': 'application/json; charset=UTF-8',
76 verbose headers   'transfer-encoding': 'chunked',
76 verbose headers   connection: 'keep-alive',
76 verbose headers   'set-cookie':
76 verbose headers    [ '__cfduid=de33f25d1d9fe33fd06404b5ef42b59961564600080; expires=Thu, 30-Jul-20 19:08:00 GMT; path=/; domain=.npmjs.org; HttpOnly' ],
76 verbose headers   'cf-cache-status': 'HIT',
76 verbose headers   'cache-control': 'max-age=300',
76 verbose headers   'cf-ray': '4ff1dbc5bfac4e64-DME',
76 verbose headers   etag: 'W/"696d6ec470fda56a33885508a280edab"',
76 verbose headers   'expect-ct': 'max-age=604800, report-uri="https://report-uri.cloudflare.com/cdn-cgi/beacon/expect-ct"',
76 verbose headers   'last-modified': 'Sun, 27 May 2018 09:55:03 GMT',
76 verbose headers   vary: 'accept-encoding, accept',
76 verbose headers   server: 'cloudflare',
76 verbose headers   'content-encoding': 'gzip' }
77 silly get cb [ 200,
77 silly get   { date: 'Wed, 31 Jul 2019 19:08:00 GMT',
77 silly get     'content-type': 'application/json; charset=UTF-8',
77 silly get     'transfer-encoding': 'chunked',
77 silly get     connection: 'keep-alive',
77 silly get     'set-cookie':
77 silly get      [ '__cfduid=de33f25d1d9fe33fd06404b5ef42b59961564600080; expires=Thu, 30-Jul-20 19:08:00 GMT; path=/; domain=.npmjs.org; HttpOnly' ],
77 silly get     'cf-cache-status': 'HIT',
77 silly get     'cache-control': 'max-age=300',
77 silly get     'cf-ray': '4ff1dbc5bfac4e64-DME',
77 silly get     etag: 'W/"696d6ec470fda56a33885508a280edab"',
77 silly get     'expect-ct': 'max-age=604800, report-uri="https://report-uri.cloudflare.com/cdn-cgi/beacon/expect-ct"',
77 silly get     'last-modified': 'Sun, 27 May 2018 09:55:03 GMT',
77 silly get     vary: 'accept-encoding, accept',
77 silly get     server: 'cloudflare',
77 silly get     'content-encoding': 'gzip' } ]
78 verbose get saving node-bin-setup to /home/stepan/.npm/registry.npmjs.org/node-bin-setup/.cache.json
79 silly resolveWithNewModule node-bin-setup@1.0.6 checking installable status
80 silly cache add args [ 'node-bin-setup@^1.0.0', null ]
81 verbose cache add spec node-bin-setup@^1.0.0
82 silly cache add parsed spec Result {
82 silly cache add   raw: 'node-bin-setup@^1.0.0',
82 silly cache add   scope: null,
82 silly cache add   name: 'node-bin-setup',
82 silly cache add   rawSpec: '^1.0.0',
82 silly cache add   spec: '>=1.0.0 <2.0.0',
82 silly cache add   type: 'range' }
83 silly addNamed node-bin-setup@>=1.0.0 <2.0.0
84 verbose addNamed ">=1.0.0 <2.0.0" is a valid semver range for node-bin-setup
85 silly addNameRange { name: 'node-bin-setup',
85 silly addNameRange   range: '>=1.0.0 <2.0.0',
85 silly addNameRange   hasData: false }
86 silly mapToRegistry name node-bin-setup
87 silly mapToRegistry using default registry
88 silly mapToRegistry registry https://registry.npmjs.org/
89 silly mapToRegistry uri https://registry.npmjs.org/node-bin-setup
90 verbose addNameRange registry:https://registry.npmjs.org/node-bin-setup not in flight; fetching
91 verbose get https://registry.npmjs.org/node-bin-setup not expired, no request
92 silly addNameRange number 2 { name: 'node-bin-setup',
92 silly addNameRange   range: '>=1.0.0 <2.0.0',
92 silly addNameRange   hasData: true }
93 silly addNameRange versions [ 'node-bin-setup',
93 silly addNameRange   [ '1.0.0', '1.0.1', '1.0.2', '1.0.3', '1.0.4', '1.0.6' ] ]
94 silly addNamed node-bin-setup@1.0.6
95 verbose addNamed "1.0.6" is a plain semver version for node-bin-setup
96 silly mapToRegistry name node-bin-setup
97 silly mapToRegistry using default registry
98 silly mapToRegistry registry https://registry.npmjs.org/
99 silly mapToRegistry uri https://registry.npmjs.org/node-bin-setup
100 verbose addRemoteTarball https://registry.npmjs.org/node-bin-setup/-/node-bin-setup-1.0.6.tgz not in flight; adding
101 verbose addRemoteTarball [ 'https://registry.npmjs.org/node-bin-setup/-/node-bin-setup-1.0.6.tgz',
101 verbose addRemoteTarball   '4b5c9bb937ece702d7069b36ca78af4684677528' ]
102 info retry fetch attempt 1 at 22:08:00
103 info attempt registry request try #1 at 22:08:00
104 http fetch GET https://registry.npmjs.org/node-bin-setup/-/node-bin-setup-1.0.6.tgz
105 http fetch 200 https://registry.npmjs.org/node-bin-setup/-/node-bin-setup-1.0.6.tgz
106 silly fetchAndShaCheck shasum 4b5c9bb937ece702d7069b36ca78af4684677528
107 verbose addTmpTarball /tmp/npm-14691-cbc72144/registry.npmjs.org/node-bin-setup/-/node-bin-setup-1.0.6.tgz not in flight; adding
108 verbose addTmpTarball already have metadata; skipping unpack for node-bin-setup@1.0.6
109 silly cache afterAdd node-bin-setup@1.0.6
110 verbose afterAdd /home/stepan/.npm/node-bin-setup/1.0.6/package/package.json not in flight; writing
111 verbose afterAdd /home/stepan/.npm/node-bin-setup/1.0.6/package/package.json written
112 silly fetchNamedPackageData fsevents
113 silly mapToRegistry name fsevents
114 silly mapToRegistry using default registry
115 silly mapToRegistry registry https://registry.npmjs.org/
116 silly mapToRegistry uri https://registry.npmjs.org/fsevents
117 verbose request uri https://registry.npmjs.org/fsevents
118 verbose request no auth needed
119 info attempt registry request try #1 at 22:08:00
120 verbose etag W/"ec8d4eb97c775f79ec6d0bc1c3ba6d4f"
121 verbose lastModified Thu, 16 May 2019 13:28:59 GMT
122 http request GET https://registry.npmjs.org/fsevents
123 http 304 https://registry.npmjs.org/fsevents
124 verbose headers { date: 'Wed, 31 Jul 2019 19:08:00 GMT',
124 verbose headers   connection: 'keep-alive',
124 verbose headers   'set-cookie':
124 verbose headers    [ '__cfduid=de33f25d1d9fe33fd06404b5ef42b59961564600080; expires=Thu, 30-Jul-20 19:08:00 GMT; path=/; domain=.npmjs.org; HttpOnly' ],
124 verbose headers   'cf-cache-status': 'HIT',
124 verbose headers   'cache-control': 'max-age=300',
124 verbose headers   'cf-ray': '4ff1dbc838b64e64-DME',
124 verbose headers   age: '1572',
124 verbose headers   etag: '"ec8d4eb97c775f79ec6d0bc1c3ba6d4f"',
124 verbose headers   'expect-ct': 'max-age=604800, report-uri="https://report-uri.cloudflare.com/cdn-cgi/beacon/expect-ct"',
124 verbose headers   'last-modified': 'Thu, 16 May 2019 13:28:59 GMT',
124 verbose headers   vary: 'accept-encoding, accept',
124 verbose headers   'x-amz-meta-rev': '163-88b33b9d24ebf2da96a4e2240471bf23',
124 verbose headers   server: 'cloudflare' }
125 silly get cb [ 304,
125 silly get   { date: 'Wed, 31 Jul 2019 19:08:00 GMT',
125 silly get     connection: 'keep-alive',
125 silly get     'set-cookie':
125 silly get      [ '__cfduid=de33f25d1d9fe33fd06404b5ef42b59961564600080; expires=Thu, 30-Jul-20 19:08:00 GMT; path=/; domain=.npmjs.org; HttpOnly' ],
125 silly get     'cf-cache-status': 'HIT',
125 silly get     'cache-control': 'max-age=300',
125 silly get     'cf-ray': '4ff1dbc838b64e64-DME',
125 silly get     age: '1572',
125 silly get     etag: '"ec8d4eb97c775f79ec6d0bc1c3ba6d4f"',
125 silly get     'expect-ct': 'max-age=604800, report-uri="https://report-uri.cloudflare.com/cdn-cgi/beacon/expect-ct"',
125 silly get     'last-modified': 'Thu, 16 May 2019 13:28:59 GMT',
125 silly get     vary: 'accept-encoding, accept',
125 silly get     'x-amz-meta-rev': '163-88b33b9d24ebf2da96a4e2240471bf23',
125 silly get     server: 'cloudflare' } ]
126 verbose etag https://registry.npmjs.org/fsevents from cache
127 verbose get saving fsevents to /home/stepan/.npm/registry.npmjs.org/fsevents/.cache.json
128 silly resolveWithNewModule fsevents@1.2.9 checking installable status
129 silly loadAllDepsIntoIdealTree Finishing
130 silly idealTree:prePrune training@1.0.0
130 silly idealTree:prePrune ├── abbrev@1.1.1
130 silly idealTree:prePrune ├── accepts@1.3.7
130 silly idealTree:prePrune ├── ansi-align@2.0.0
130 silly idealTree:prePrune ├── ansi-regex@3.0.0
130 silly idealTree:prePrune ├── ansi-styles@3.2.1
130 silly idealTree:prePrune ├─┬ anymatch@2.0.0
130 silly idealTree:prePrune │ └── normalize-path@2.1.1
130 silly idealTree:prePrune ├── arr-diff@4.0.0
130 silly idealTree:prePrune ├── arr-flatten@1.1.0
130 silly idealTree:prePrune ├── arr-union@3.1.0
130 silly idealTree:prePrune ├── array-flatten@1.1.1
130 silly idealTree:prePrune ├── array-unique@0.3.2
130 silly idealTree:prePrune ├── asap@2.0.6
130 silly idealTree:prePrune ├── assign-symbols@1.0.0
130 silly idealTree:prePrune ├── async-each@1.0.3
130 silly idealTree:prePrune ├── async@2.6.2
130 silly idealTree:prePrune ├── atob@2.1.2
130 silly idealTree:prePrune ├── bagpipe@0.3.5
130 silly idealTree:prePrune ├── balanced-match@1.0.0
130 silly idealTree:prePrune ├─┬ base@0.11.2
130 silly idealTree:prePrune │ ├── define-property@1.0.0
130 silly idealTree:prePrune │ ├── is-accessor-descriptor@1.0.0
130 silly idealTree:prePrune │ ├── is-data-descriptor@1.0.0
130 silly idealTree:prePrune │ └── is-descriptor@1.0.2
130 silly idealTree:prePrune ├── basic-auth@2.0.1
130 silly idealTree:prePrune ├── binary-extensions@1.13.1
130 silly idealTree:prePrune ├── bluebird@3.5.1
130 silly idealTree:prePrune ├─┬ body-parser@1.19.0
130 silly idealTree:prePrune │ └── http-errors@1.7.2
130 silly idealTree:prePrune ├── boxen@1.3.0
130 silly idealTree:prePrune ├── brace-expansion@1.1.11
130 silly idealTree:prePrune ├─┬ braces@2.3.2
130 silly idealTree:prePrune │ └── extend-shallow@2.0.1
130 silly idealTree:prePrune ├── bson@1.1.1
130 silly idealTree:prePrune ├── bytes@3.1.0
130 silly idealTree:prePrune ├── cache-base@1.0.1
130 silly idealTree:prePrune ├── camelcase@4.1.0
130 silly idealTree:prePrune ├── capture-stack-trace@1.0.1
130 silly idealTree:prePrune ├── chalk@2.4.2
130 silly idealTree:prePrune ├── chokidar@2.1.6
130 silly idealTree:prePrune ├── ci-info@1.6.0
130 silly idealTree:prePrune ├─┬ class-utils@0.3.6
130 silly idealTree:prePrune │ └── define-property@0.2.5
130 silly idealTree:prePrune ├── cli-boxes@1.0.0
130 silly idealTree:prePrune ├── collection-visit@1.0.0
130 silly idealTree:prePrune ├── color-convert@1.9.3
130 silly idealTree:prePrune ├── color-name@1.1.3
130 silly idealTree:prePrune ├── commander@2.20.0
130 silly idealTree:prePrune ├── component-emitter@1.3.0
130 silly idealTree:prePrune ├── concat-map@0.0.1
130 silly idealTree:prePrune ├─┬ configstore@3.1.2
130 silly idealTree:prePrune │ └── write-file-atomic@2.4.3
130 silly idealTree:prePrune ├── content-disposition@0.5.3
130 silly idealTree:prePrune ├── content-type@1.0.4
130 silly idealTree:prePrune ├── cookie-parser@1.4.4
130 silly idealTree:prePrune ├── cookie-signature@1.0.6
130 silly idealTree:prePrune ├── cookie@0.3.1
130 silly idealTree:prePrune ├── copy-descriptor@0.1.1
130 silly idealTree:prePrune ├── core-util-is@1.0.2
130 silly idealTree:prePrune ├── create-error-class@3.0.2
130 silly idealTree:prePrune ├── cross-spawn@5.1.0
130 silly idealTree:prePrune ├── crypto-random-string@1.0.0
130 silly idealTree:prePrune ├── debug@2.6.9
130 silly idealTree:prePrune ├── decode-uri-component@0.2.0
130 silly idealTree:prePrune ├── deep-extend@0.6.0
130 silly idealTree:prePrune ├── define-properties@1.1.3
130 silly idealTree:prePrune ├─┬ define-property@2.0.2
130 silly idealTree:prePrune │ ├── is-accessor-descriptor@1.0.0
130 silly idealTree:prePrune │ ├── is-data-descriptor@1.0.0
130 silly idealTree:prePrune │ └── is-descriptor@1.0.2
130 silly idealTree:prePrune ├── depd@1.1.2
130 silly idealTree:prePrune ├── destroy@1.0.4
130 silly idealTree:prePrune ├── dot-prop@4.2.0
130 silly idealTree:prePrune ├── duplexer3@0.1.4
130 silly idealTree:prePrune ├── ee-first@1.1.1
130 silly idealTree:prePrune ├── encodeurl@1.0.2
130 silly idealTree:prePrune ├── escape-html@1.0.3
130 silly idealTree:prePrune ├── escape-string-regexp@1.0.5
130 silly idealTree:prePrune ├── etag@1.8.1
130 silly idealTree:prePrune ├── execa@0.7.0
130 silly idealTree:prePrune ├─┬ expand-brackets@2.1.4
130 silly idealTree:prePrune │ ├── define-property@0.2.5
130 silly idealTree:prePrune │ └── extend-shallow@2.0.1
130 silly idealTree:prePrune ├── express-handlebars@3.1.0
130 silly idealTree:prePrune ├─┬ express-session@1.16.2
130 silly idealTree:prePrune │ └── depd@2.0.0
130 silly idealTree:prePrune ├─┬ express@4.17.1
130 silly idealTree:prePrune │ └── cookie@0.4.0
130 silly idealTree:prePrune ├─┬ extend-shallow@3.0.2
130 silly idealTree:prePrune │ └── is-extendable@1.0.1
130 silly idealTree:prePrune ├─┬ extglob@2.0.4
130 silly idealTree:prePrune │ ├── define-property@1.0.0
130 silly idealTree:prePrune │ ├── extend-shallow@2.0.1
130 silly idealTree:prePrune │ ├── is-accessor-descriptor@1.0.0
130 silly idealTree:prePrune │ ├── is-data-descriptor@1.0.0
130 silly idealTree:prePrune │ └── is-descriptor@1.0.2
130 silly idealTree:prePrune ├─┬ fill-range@4.0.0
130 silly idealTree:prePrune │ └── extend-shallow@2.0.1
130 silly idealTree:prePrune ├── finalhandler@1.1.2
130 silly idealTree:prePrune ├── for-in@1.0.2
130 silly idealTree:prePrune ├── forwarded@0.1.2
130 silly idealTree:prePrune ├── fragment-cache@0.2.1
130 silly idealTree:prePrune ├── fresh@0.5.2
130 silly idealTree:prePrune ├── fs-extra@8.1.0
130 silly idealTree:prePrune ├── fs.realpath@1.0.0
130 silly idealTree:prePrune ├── function-bind@1.1.1
130 silly idealTree:prePrune ├── get-stream@3.0.0
130 silly idealTree:prePrune ├── get-value@2.0.6
130 silly idealTree:prePrune ├─┬ glob-parent@3.1.0
130 silly idealTree:prePrune │ └── is-glob@3.1.0
130 silly idealTree:prePrune ├── glob@7.1.4
130 silly idealTree:prePrune ├── global-dirs@0.1.1
130 silly idealTree:prePrune ├── got@6.7.1
130 silly idealTree:prePrune ├── graceful-fs@4.2.0
130 silly idealTree:prePrune ├── handlebars@4.1.2
130 silly idealTree:prePrune ├── has-flag@3.0.0
130 silly idealTree:prePrune ├── has-symbols@1.0.0
130 silly idealTree:prePrune ├── has-value@1.0.0
130 silly idealTree:prePrune ├─┬ has-values@1.0.0
130 silly idealTree:prePrune │ └── kind-of@4.0.0
130 silly idealTree:prePrune ├─┬ http-errors@1.7.3
130 silly idealTree:prePrune │ └── inherits@2.0.4
130 silly idealTree:prePrune ├── iconv-lite@0.4.24
130 silly idealTree:prePrune ├── ignore-by-default@1.0.1
130 silly idealTree:prePrune ├── import-lazy@2.1.0
130 silly idealTree:prePrune ├── imurmurhash@0.1.4
130 silly idealTree:prePrune ├── inflight@1.0.6
130 silly idealTree:prePrune ├── inherits@2.0.3
130 silly idealTree:prePrune ├── ini@1.3.5
130 silly idealTree:prePrune ├── ipaddr.js@1.9.0
130 silly idealTree:prePrune ├─┬ is-accessor-descriptor@0.1.6
130 silly idealTree:prePrune │ └── kind-of@3.2.2
130 silly idealTree:prePrune ├── is-binary-path@1.0.1
130 silly idealTree:prePrune ├── is-buffer@1.1.6
130 silly idealTree:prePrune ├── is-ci@1.2.1
130 silly idealTree:prePrune ├─┬ is-data-descriptor@0.1.4
130 silly idealTree:prePrune │ └── kind-of@3.2.2
130 silly idealTree:prePrune ├─┬ is-descriptor@0.1.6
130 silly idealTree:prePrune │ └── kind-of@5.1.0
130 silly idealTree:prePrune ├── is-extendable@0.1.1
130 silly idealTree:prePrune ├── is-extglob@2.1.1
130 silly idealTree:prePrune ├── is-fullwidth-code-point@2.0.0
130 silly idealTree:prePrune ├── is-glob@4.0.1
130 silly idealTree:prePrune ├── is-installed-globally@0.1.0
130 silly idealTree:prePrune ├── is-npm@1.0.0
130 silly idealTree:prePrune ├─┬ is-number@3.0.0
130 silly idealTree:prePrune │ └── kind-of@3.2.2
130 silly idealTree:prePrune ├── is-obj@1.0.1
130 silly idealTree:prePrune ├── is-path-inside@1.0.1
130 silly idealTree:prePrune ├── is-plain-object@2.0.4
130 silly idealTree:prePrune ├── is-redirect@1.0.0
130 silly idealTree:prePrune ├── is-retry-allowed@1.1.0
130 silly idealTree:prePrune ├── is-stream@1.1.0
130 silly idealTree:prePrune ├── is-windows@1.0.2
130 silly idealTree:prePrune ├── isarray@1.0.0
130 silly idealTree:prePrune ├── isexe@2.0.0
130 silly idealTree:prePrune ├── isobject@3.0.1
130 silly idealTree:prePrune ├── jsonfile@4.0.0
130 silly idealTree:prePrune ├── kareem@2.3.0
130 silly idealTree:prePrune ├── kind-of@6.0.2
130 silly idealTree:prePrune ├── latest-version@3.1.0
130 silly idealTree:prePrune ├── lodash@4.17.15
130 silly idealTree:prePrune ├── lowercase-keys@1.0.1
130 silly idealTree:prePrune ├── lru-cache@4.1.5
130 silly idealTree:prePrune ├── make-dir@1.3.0
130 silly idealTree:prePrune ├── map-cache@0.2.2
130 silly idealTree:prePrune ├── map-visit@1.0.0
130 silly idealTree:prePrune ├── media-typer@0.3.0
130 silly idealTree:prePrune ├── memory-pager@1.5.0
130 silly idealTree:prePrune ├── merge-descriptors@1.0.1
130 silly idealTree:prePrune ├─┬ method-override@3.0.0
130 silly idealTree:prePrune │ └── debug@3.1.0
130 silly idealTree:prePrune ├── methods@1.1.2
130 silly idealTree:prePrune ├── micromatch@3.1.10
130 silly idealTree:prePrune ├── mime-db@1.40.0
130 silly idealTree:prePrune ├── mime-types@2.1.24
130 silly idealTree:prePrune ├── mime@1.6.0
130 silly idealTree:prePrune ├── minimatch@3.0.4
130 silly idealTree:prePrune ├── minimist@0.0.10
130 silly idealTree:prePrune ├─┬ mixin-deep@1.3.2
130 silly idealTree:prePrune │ └── is-extendable@1.0.1
130 silly idealTree:prePrune ├── mongodb-core@3.2.7
130 silly idealTree:prePrune ├── mongodb@3.2.7
130 silly idealTree:prePrune ├── mongoose-legacy-pluralize@1.0.2
130 silly idealTree:prePrune ├─┬ mongoose@5.6.7
130 silly idealTree:prePrune │ └── ms@2.1.2
130 silly idealTree:prePrune ├── morgan@1.9.1
130 silly idealTree:prePrune ├── mpath@0.6.0
130 silly idealTree:prePrune ├─┬ mquery@3.2.1
130 silly idealTree:prePrune │ └── debug@3.1.0
130 silly idealTree:prePrune ├── ms@2.0.0
130 silly idealTree:prePrune ├── nanomatch@1.2.13
130 silly idealTree:prePrune ├── negotiator@0.6.2
130 silly idealTree:prePrune ├── neo-async@2.6.1
130 silly idealTree:prePrune ├── node-bin-setup@1.0.6
130 silly idealTree:prePrune ├── node@12.7.0
130 silly idealTree:prePrune ├─┬ nodemon@1.19.1
130 silly idealTree:prePrune │ ├── debug@3.2.6
130 silly idealTree:prePrune │ └── ms@2.1.2
130 silly idealTree:prePrune ├── nopt@1.0.10
130 silly idealTree:prePrune ├── normalize-path@3.0.0
130 silly idealTree:prePrune ├── npm-run-path@2.0.2
130 silly idealTree:prePrune ├── object-assign@4.1.1
130 silly idealTree:prePrune ├─┬ object-copy@0.1.0
130 silly idealTree:prePrune │ ├── define-property@0.2.5
130 silly idealTree:prePrune │ └── kind-of@3.2.2
130 silly idealTree:prePrune ├── object-keys@1.1.1
130 silly idealTree:prePrune ├── object-visit@1.0.1
130 silly idealTree:prePrune ├── object.assign@4.1.0
130 silly idealTree:prePrune ├── object.pick@1.3.0
130 silly idealTree:prePrune ├── on-finished@2.3.0
130 silly idealTree:prePrune ├── on-headers@1.0.2
130 silly idealTree:prePrune ├── once@1.4.0
130 silly idealTree:prePrune ├── optimist@0.6.1
130 silly idealTree:prePrune ├── p-finally@1.0.0
130 silly idealTree:prePrune ├── package-json@4.0.1
130 silly idealTree:prePrune ├── parseurl@1.3.3
130 silly idealTree:prePrune ├── pascalcase@0.1.1
130 silly idealTree:prePrune ├── path-dirname@1.0.2
130 silly idealTree:prePrune ├── path-is-absolute@1.0.1
130 silly idealTree:prePrune ├── path-is-inside@1.0.2
130 silly idealTree:prePrune ├── path-key@2.0.1
130 silly idealTree:prePrune ├── path-to-regexp@0.1.7
130 silly idealTree:prePrune ├── pify@3.0.0
130 silly idealTree:prePrune ├── posix-character-classes@0.1.1
130 silly idealTree:prePrune ├── prepend-http@1.0.4
130 silly idealTree:prePrune ├── process-nextick-args@2.0.1
130 silly idealTree:prePrune ├── promise@8.0.3
130 silly idealTree:prePrune ├── proxy-addr@2.0.5
130 silly idealTree:prePrune ├── pseudomap@1.0.2
130 silly idealTree:prePrune ├── pstree.remy@1.1.7
130 silly idealTree:prePrune ├── qs@6.7.0
130 silly idealTree:prePrune ├── random-bytes@1.0.0
130 silly idealTree:prePrune ├── range-parser@1.2.1
130 silly idealTree:prePrune ├─┬ raw-body@2.4.0
130 silly idealTree:prePrune │ └── http-errors@1.7.2
130 silly idealTree:prePrune ├─┬ rc@1.2.8
130 silly idealTree:prePrune │ └── minimist@1.2.0
130 silly idealTree:prePrune ├── readable-stream@2.3.6
130 silly idealTree:prePrune ├── readdirp@2.2.1
130 silly idealTree:prePrune ├── regex-not@1.0.2
130 silly idealTree:prePrune ├── regexp-clone@1.0.0
130 silly idealTree:prePrune ├── registry-auth-token@3.4.0
130 silly idealTree:prePrune ├── registry-url@3.1.0
130 silly idealTree:prePrune ├── remove-trailing-separator@1.1.0
130 silly idealTree:prePrune ├── repeat-element@1.1.3
130 silly idealTree:prePrune ├── repeat-string@1.6.1
130 silly idealTree:prePrune ├── require_optional@1.0.1
130 silly idealTree:prePrune ├── resolve-from@2.0.0
130 silly idealTree:prePrune ├── resolve-url@0.2.1
130 silly idealTree:prePrune ├── ret@0.1.15
130 silly idealTree:prePrune ├── retry@0.12.0
130 silly idealTree:prePrune ├── safe-buffer@5.1.2
130 silly idealTree:prePrune ├── safe-regex@1.1.0
130 silly idealTree:prePrune ├── safer-buffer@2.1.2
130 silly idealTree:prePrune ├── saslprep@1.0.3
130 silly idealTree:prePrune ├── semver-diff@2.1.0
130 silly idealTree:prePrune ├── semver@5.7.0
130 silly idealTree:prePrune ├─┬ send@0.17.1
130 silly idealTree:prePrune │ └── ms@2.1.1
130 silly idealTree:prePrune ├── serve-static@1.14.1
130 silly idealTree:prePrune ├── session-file-store@1.3.1
130 silly idealTree:prePrune ├─┬ set-value@2.0.1
130 silly idealTree:prePrune │ └── extend-shallow@2.0.1
130 silly idealTree:prePrune ├── setprototypeof@1.1.1
130 silly idealTree:prePrune ├── shebang-command@1.2.0
130 silly idealTree:prePrune ├── shebang-regex@1.0.0
130 silly idealTree:prePrune ├── sift@7.0.1
130 silly idealTree:prePrune ├── signal-exit@3.0.2
130 silly idealTree:prePrune ├── sliced@1.0.1
130 silly idealTree:prePrune ├── slide@1.1.6
130 silly idealTree:prePrune ├─┬ snapdragon-node@2.1.1
130 silly idealTree:prePrune │ ├── define-property@1.0.0
130 silly idealTree:prePrune │ ├── is-accessor-descriptor@1.0.0
130 silly idealTree:prePrune │ ├── is-data-descriptor@1.0.0
130 silly idealTree:prePrune │ └── is-descriptor@1.0.2
130 silly idealTree:prePrune ├─┬ snapdragon-util@3.0.1
130 silly idealTree:prePrune │ └── kind-of@3.2.2
130 silly idealTree:prePrune ├─┬ snapdragon@0.8.2
130 silly idealTree:prePrune │ ├── define-property@0.2.5
130 silly idealTree:prePrune │ ├── extend-shallow@2.0.1
130 silly idealTree:prePrune │ └── source-map@0.5.7
130 silly idealTree:prePrune ├── source-map-resolve@0.5.2
130 silly idealTree:prePrune ├── source-map-url@0.4.0
130 silly idealTree:prePrune ├── source-map@0.6.1
130 silly idealTree:prePrune ├── sparse-bitfield@3.0.3
130 silly idealTree:prePrune ├── split-string@3.1.0
130 silly idealTree:prePrune ├─┬ static-extend@0.1.2
130 silly idealTree:prePrune │ └── define-property@0.2.5
130 silly idealTree:prePrune ├── statuses@1.5.0
130 silly idealTree:prePrune ├── string_decoder@1.1.1
130 silly idealTree:prePrune ├── string-width@2.1.1
130 silly idealTree:prePrune ├── strip-ansi@4.0.0
130 silly idealTree:prePrune ├── strip-eof@1.0.0
130 silly idealTree:prePrune ├── strip-json-comments@2.0.1
130 silly idealTree:prePrune ├── supports-color@5.5.0
130 silly idealTree:prePrune ├── term-size@1.2.0
130 silly idealTree:prePrune ├── timed-out@4.0.1
130 silly idealTree:prePrune ├─┬ to-object-path@0.3.0
130 silly idealTree:prePrune │ └── kind-of@3.2.2
130 silly idealTree:prePrune ├── to-regex-range@2.1.1
130 silly idealTree:prePrune ├── to-regex@3.0.2
130 silly idealTree:prePrune ├── toidentifier@1.0.0
130 silly idealTree:prePrune ├── touch@3.1.0
130 silly idealTree:prePrune ├── type-is@1.6.18
130 silly idealTree:prePrune ├── uglify-js@3.6.0
130 silly idealTree:prePrune ├── uid-safe@2.1.5
130 silly idealTree:prePrune ├── undefsafe@2.0.2
130 silly idealTree:prePrune ├── union-value@1.0.1
130 silly idealTree:prePrune ├── unique-string@1.0.0
130 silly idealTree:prePrune ├── universalify@0.1.2
130 silly idealTree:prePrune ├── unpipe@1.0.0
130 silly idealTree:prePrune ├─┬ unset-value@1.0.0
130 silly idealTree:prePrune │ ├─┬ has-value@0.3.1
130 silly idealTree:prePrune │ │ └── isobject@2.1.0
130 silly idealTree:prePrune │ └── has-values@0.1.4
130 silly idealTree:prePrune ├── unzip-response@2.0.1
130 silly idealTree:prePrune ├── upath@1.1.2
130 silly idealTree:prePrune ├── update-notifier@2.5.0
130 silly idealTree:prePrune ├── urix@0.1.0
130 silly idealTree:prePrune ├── url-parse-lax@1.0.0
130 silly idealTree:prePrune ├── use@3.1.1
130 silly idealTree:prePrune ├── util-deprecate@1.0.2
130 silly idealTree:prePrune ├── utils-merge@1.0.1
130 silly idealTree:prePrune ├── vary@1.1.2
130 silly idealTree:prePrune ├── which@1.3.1
130 silly idealTree:prePrune ├── widest-line@2.0.1
130 silly idealTree:prePrune ├── wordwrap@0.0.3
130 silly idealTree:prePrune ├── wrappy@1.0.2
130 silly idealTree:prePrune ├── write-file-atomic@1.3.1
130 silly idealTree:prePrune ├── xdg-basedir@3.0.0
130 silly idealTree:prePrune └── yallist@2.1.2
131 silly loadIdealTree Finishing
132 silly currentTree training@1.0.0
132 silly currentTree ├── abbrev@1.1.1
132 silly currentTree ├── accepts@1.3.7
132 silly currentTree ├── ansi-align@2.0.0
132 silly currentTree ├── ansi-regex@3.0.0
132 silly currentTree ├── ansi-styles@3.2.1
132 silly currentTree ├─┬ anymatch@2.0.0
132 silly currentTree │ └── normalize-path@2.1.1
132 silly currentTree ├── arr-diff@4.0.0
132 silly currentTree ├── arr-flatten@1.1.0
132 silly currentTree ├── arr-union@3.1.0
132 silly currentTree ├── array-flatten@1.1.1
132 silly currentTree ├── array-unique@0.3.2
132 silly currentTree ├── asap@2.0.6
132 silly currentTree ├── assign-symbols@1.0.0
132 silly currentTree ├── async-each@1.0.3
132 silly currentTree ├── async@2.6.2
132 silly currentTree ├── atob@2.1.2
132 silly currentTree ├── bagpipe@0.3.5
132 silly currentTree ├── balanced-match@1.0.0
132 silly currentTree ├─┬ base@0.11.2
132 silly currentTree │ ├── define-property@1.0.0
132 silly currentTree │ ├── is-accessor-descriptor@1.0.0
132 silly currentTree │ ├── is-data-descriptor@1.0.0
132 silly currentTree │ └── is-descriptor@1.0.2
132 silly currentTree ├── basic-auth@2.0.1
132 silly currentTree ├── binary-extensions@1.13.1
132 silly currentTree ├── bluebird@3.5.1
132 silly currentTree ├─┬ body-parser@1.19.0
132 silly currentTree │ └── http-errors@1.7.2
132 silly currentTree ├── boxen@1.3.0
132 silly currentTree ├── brace-expansion@1.1.11
132 silly currentTree ├─┬ braces@2.3.2
132 silly currentTree │ └── extend-shallow@2.0.1
132 silly currentTree ├── bson@1.1.1
132 silly currentTree ├── bytes@3.1.0
132 silly currentTree ├── cache-base@1.0.1
132 silly currentTree ├── camelcase@4.1.0
132 silly currentTree ├── capture-stack-trace@1.0.1
132 silly currentTree ├── chalk@2.4.2
132 silly currentTree ├── chokidar@2.1.6
132 silly currentTree ├── ci-info@1.6.0
132 silly currentTree ├─┬ class-utils@0.3.6
132 silly currentTree │ └── define-property@0.2.5
132 silly currentTree ├── cli-boxes@1.0.0
132 silly currentTree ├── collection-visit@1.0.0
132 silly currentTree ├── color-convert@1.9.3
132 silly currentTree ├── color-name@1.1.3
132 silly currentTree ├── commander@2.20.0
132 silly currentTree ├── component-emitter@1.3.0
132 silly currentTree ├── concat-map@0.0.1
132 silly currentTree ├─┬ configstore@3.1.2
132 silly currentTree │ └── write-file-atomic@2.4.3
132 silly currentTree ├── content-disposition@0.5.3
132 silly currentTree ├── content-type@1.0.4
132 silly currentTree ├── cookie-parser@1.4.4
132 silly currentTree ├── cookie-signature@1.0.6
132 silly currentTree ├── cookie@0.3.1
132 silly currentTree ├── copy-descriptor@0.1.1
132 silly currentTree ├── core-util-is@1.0.2
132 silly currentTree ├── create-error-class@3.0.2
132 silly currentTree ├── cross-spawn@5.1.0
132 silly currentTree ├── crypto-random-string@1.0.0
132 silly currentTree ├── debug@2.6.9
132 silly currentTree ├── decode-uri-component@0.2.0
132 silly currentTree ├── deep-extend@0.6.0
132 silly currentTree ├── define-properties@1.1.3
132 silly currentTree ├─┬ define-property@2.0.2
132 silly currentTree │ ├── is-accessor-descriptor@1.0.0
132 silly currentTree │ ├── is-data-descriptor@1.0.0
132 silly currentTree │ └── is-descriptor@1.0.2
132 silly currentTree ├── depd@1.1.2
132 silly currentTree ├── destroy@1.0.4
132 silly currentTree ├── dot-prop@4.2.0
132 silly currentTree ├── duplexer3@0.1.4
132 silly currentTree ├── ee-first@1.1.1
132 silly currentTree ├── encodeurl@1.0.2
132 silly currentTree ├── escape-html@1.0.3
132 silly currentTree ├── escape-string-regexp@1.0.5
132 silly currentTree ├── etag@1.8.1
132 silly currentTree ├── execa@0.7.0
132 silly currentTree ├─┬ expand-brackets@2.1.4
132 silly currentTree │ ├── define-property@0.2.5
132 silly currentTree │ └── extend-shallow@2.0.1
132 silly currentTree ├── express-handlebars@3.1.0
132 silly currentTree ├─┬ express-session@1.16.2
132 silly currentTree │ └── depd@2.0.0
132 silly currentTree ├─┬ express@4.17.1
132 silly currentTree │ └── cookie@0.4.0
132 silly currentTree ├─┬ extend-shallow@3.0.2
132 silly currentTree │ └── is-extendable@1.0.1
132 silly currentTree ├─┬ extglob@2.0.4
132 silly currentTree │ ├── define-property@1.0.0
132 silly currentTree │ ├── extend-shallow@2.0.1
132 silly currentTree │ ├── is-accessor-descriptor@1.0.0
132 silly currentTree │ ├── is-data-descriptor@1.0.0
132 silly currentTree │ └── is-descriptor@1.0.2
132 silly currentTree ├─┬ fill-range@4.0.0
132 silly currentTree │ └── extend-shallow@2.0.1
132 silly currentTree ├── finalhandler@1.1.2
132 silly currentTree ├── for-in@1.0.2
132 silly currentTree ├── forwarded@0.1.2
132 silly currentTree ├── fragment-cache@0.2.1
132 silly currentTree ├── fresh@0.5.2
132 silly currentTree ├── fs-extra@8.1.0
132 silly currentTree ├── fs.realpath@1.0.0
132 silly currentTree ├── function-bind@1.1.1
132 silly currentTree ├── get-stream@3.0.0
132 silly currentTree ├── get-value@2.0.6
132 silly currentTree ├─┬ glob-parent@3.1.0
132 silly currentTree │ └── is-glob@3.1.0
132 silly currentTree ├── glob@7.1.4
132 silly currentTree ├── global-dirs@0.1.1
132 silly currentTree ├── got@6.7.1
132 silly currentTree ├── graceful-fs@4.2.0
132 silly currentTree ├── handlebars@4.1.2
132 silly currentTree ├── has-flag@3.0.0
132 silly currentTree ├── has-symbols@1.0.0
132 silly currentTree ├── has-value@1.0.0
132 silly currentTree ├─┬ has-values@1.0.0
132 silly currentTree │ └── kind-of@4.0.0
132 silly currentTree ├─┬ http-errors@1.7.3
132 silly currentTree │ └── inherits@2.0.4
132 silly currentTree ├── iconv-lite@0.4.24
132 silly currentTree ├── ignore-by-default@1.0.1
132 silly currentTree ├── import-lazy@2.1.0
132 silly currentTree ├── imurmurhash@0.1.4
132 silly currentTree ├── inflight@1.0.6
132 silly currentTree ├── inherits@2.0.3
132 silly currentTree ├── ini@1.3.5
132 silly currentTree ├── ipaddr.js@1.9.0
132 silly currentTree ├─┬ is-accessor-descriptor@0.1.6
132 silly currentTree │ └── kind-of@3.2.2
132 silly currentTree ├── is-binary-path@1.0.1
132 silly currentTree ├── is-buffer@1.1.6
132 silly currentTree ├── is-ci@1.2.1
132 silly currentTree ├─┬ is-data-descriptor@0.1.4
132 silly currentTree │ └── kind-of@3.2.2
132 silly currentTree ├─┬ is-descriptor@0.1.6
132 silly currentTree │ └── kind-of@5.1.0
132 silly currentTree ├── is-extendable@0.1.1
132 silly currentTree ├── is-extglob@2.1.1
132 silly currentTree ├── is-fullwidth-code-point@2.0.0
132 silly currentTree ├── is-glob@4.0.1
132 silly currentTree ├── is-installed-globally@0.1.0
132 silly currentTree ├── is-npm@1.0.0
132 silly currentTree ├─┬ is-number@3.0.0
132 silly currentTree │ └── kind-of@3.2.2
132 silly currentTree ├── is-obj@1.0.1
132 silly currentTree ├── is-path-inside@1.0.1
132 silly currentTree ├── is-plain-object@2.0.4
132 silly currentTree ├── is-redirect@1.0.0
132 silly currentTree ├── is-retry-allowed@1.1.0
132 silly currentTree ├── is-stream@1.1.0
132 silly currentTree ├── is-windows@1.0.2
132 silly currentTree ├── isarray@1.0.0
132 silly currentTree ├── isexe@2.0.0
132 silly currentTree ├── isobject@3.0.1
132 silly currentTree ├── jsonfile@4.0.0
132 silly currentTree ├── kareem@2.3.0
132 silly currentTree ├── kind-of@6.0.2
132 silly currentTree ├── latest-version@3.1.0
132 silly currentTree ├── lodash@4.17.15
132 silly currentTree ├── lowercase-keys@1.0.1
132 silly currentTree ├── lru-cache@4.1.5
132 silly currentTree ├── make-dir@1.3.0
132 silly currentTree ├── map-cache@0.2.2
132 silly currentTree ├── map-visit@1.0.0
132 silly currentTree ├── media-typer@0.3.0
132 silly currentTree ├── memory-pager@1.5.0
132 silly currentTree ├── merge-descriptors@1.0.1
132 silly currentTree ├─┬ method-override@3.0.0
132 silly currentTree │ └── debug@3.1.0
132 silly currentTree ├── methods@1.1.2
132 silly currentTree ├── micromatch@3.1.10
132 silly currentTree ├── mime-db@1.40.0
132 silly currentTree ├── mime-types@2.1.24
132 silly currentTree ├── mime@1.6.0
132 silly currentTree ├── minimatch@3.0.4
132 silly currentTree ├── minimist@0.0.10
132 silly currentTree ├─┬ mixin-deep@1.3.2
132 silly currentTree │ └── is-extendable@1.0.1
132 silly currentTree ├── mongodb-core@3.2.7
132 silly currentTree ├── mongodb@3.2.7
132 silly currentTree ├── mongoose-legacy-pluralize@1.0.2
132 silly currentTree ├─┬ mongoose@5.6.7
132 silly currentTree │ └── ms@2.1.2
132 silly currentTree ├── morgan@1.9.1
132 silly currentTree ├── mpath@0.6.0
132 silly currentTree ├─┬ mquery@3.2.1
132 silly currentTree │ └── debug@3.1.0
132 silly currentTree ├── ms@2.0.0
132 silly currentTree ├── nanomatch@1.2.13
132 silly currentTree ├── negotiator@0.6.2
132 silly currentTree ├── neo-async@2.6.1
132 silly currentTree ├─┬ nodemon@1.19.1
132 silly currentTree │ ├── debug@3.2.6
132 silly currentTree │ └── ms@2.1.2
132 silly currentTree ├── nopt@1.0.10
132 silly currentTree ├── normalize-path@3.0.0
132 silly currentTree ├── npm-run-path@2.0.2
132 silly currentTree ├── object-assign@4.1.1
132 silly currentTree ├─┬ object-copy@0.1.0
132 silly currentTree │ ├── define-property@0.2.5
132 silly currentTree │ └── kind-of@3.2.2
132 silly currentTree ├── object-keys@1.1.1
132 silly currentTree ├── object-visit@1.0.1
132 silly currentTree ├── object.assign@4.1.0
132 silly currentTree ├── object.pick@1.3.0
132 silly currentTree ├── on-finished@2.3.0
132 silly currentTree ├── on-headers@1.0.2
132 silly currentTree ├── once@1.4.0
132 silly currentTree ├── optimist@0.6.1
132 silly currentTree ├── p-finally@1.0.0
132 silly currentTree ├── package-json@4.0.1
132 silly currentTree ├── parseurl@1.3.3
132 silly currentTree ├── pascalcase@0.1.1
132 silly currentTree ├── path-dirname@1.0.2
132 silly currentTree ├── path-is-absolute@1.0.1
132 silly currentTree ├── path-is-inside@1.0.2
132 silly currentTree ├── path-key@2.0.1
132 silly currentTree ├── path-to-regexp@0.1.7
132 silly currentTree ├── pify@3.0.0
132 silly currentTree ├── posix-character-classes@0.1.1
132 silly currentTree ├── prepend-http@1.0.4
132 silly currentTree ├── process-nextick-args@2.0.1
132 silly currentTree ├── promise@8.0.3
132 silly currentTree ├── proxy-addr@2.0.5
132 silly currentTree ├── pseudomap@1.0.2
132 silly currentTree ├── pstree.remy@1.1.7
132 silly currentTree ├── qs@6.7.0
132 silly currentTree ├── random-bytes@1.0.0
132 silly currentTree ├── range-parser@1.2.1
132 silly currentTree ├─┬ raw-body@2.4.0
132 silly currentTree │ └── http-errors@1.7.2
132 silly currentTree ├─┬ rc@1.2.8
132 silly currentTree │ └── minimist@1.2.0
132 silly currentTree ├── readable-stream@2.3.6
132 silly currentTree ├── readdirp@2.2.1
132 silly currentTree ├── regex-not@1.0.2
132 silly currentTree ├── regexp-clone@1.0.0
132 silly currentTree ├── registry-auth-token@3.4.0
132 silly currentTree ├── registry-url@3.1.0
132 silly currentTree ├── remove-trailing-separator@1.1.0
132 silly currentTree ├── repeat-element@1.1.3
132 silly currentTree ├── repeat-string@1.6.1
132 silly currentTree ├── require_optional@1.0.1
132 silly currentTree ├── resolve-from@2.0.0
132 silly currentTree ├── resolve-url@0.2.1
132 silly currentTree ├── ret@0.1.15
132 silly currentTree ├── retry@0.12.0
132 silly currentTree ├── safe-buffer@5.1.2
132 silly currentTree ├── safe-regex@1.1.0
132 silly currentTree ├── safer-buffer@2.1.2
132 silly currentTree ├── saslprep@1.0.3
132 silly currentTree ├── semver-diff@2.1.0
132 silly currentTree ├── semver@5.7.0
132 silly currentTree ├─┬ send@0.17.1
132 silly currentTree │ └── ms@2.1.1
132 silly currentTree ├── serve-static@1.14.1
132 silly currentTree ├── session-file-store@1.3.1
132 silly currentTree ├─┬ set-value@2.0.1
132 silly currentTree │ └── extend-shallow@2.0.1
132 silly currentTree ├── setprototypeof@1.1.1
132 silly currentTree ├── shebang-command@1.2.0
132 silly currentTree ├── shebang-regex@1.0.0
132 silly currentTree ├── sift@7.0.1
132 silly currentTree ├── signal-exit@3.0.2
132 silly currentTree ├── sliced@1.0.1
132 silly currentTree ├── slide@1.1.6
132 silly currentTree ├─┬ snapdragon-node@2.1.1
132 silly currentTree │ ├── define-property@1.0.0
132 silly currentTree │ ├── is-accessor-descriptor@1.0.0
132 silly currentTree │ ├── is-data-descriptor@1.0.0
132 silly currentTree │ └── is-descriptor@1.0.2
132 silly currentTree ├─┬ snapdragon-util@3.0.1
132 silly currentTree │ └── kind-of@3.2.2
132 silly currentTree ├─┬ snapdragon@0.8.2
132 silly currentTree │ ├── define-property@0.2.5
132 silly currentTree │ ├── extend-shallow@2.0.1
132 silly currentTree │ └── source-map@0.5.7
132 silly currentTree ├── source-map-resolve@0.5.2
132 silly currentTree ├── source-map-url@0.4.0
132 silly currentTree ├── source-map@0.6.1
132 silly currentTree ├── sparse-bitfield@3.0.3
132 silly currentTree ├── split-string@3.1.0
132 silly currentTree ├─┬ static-extend@0.1.2
132 silly currentTree │ └── define-property@0.2.5
132 silly currentTree ├── statuses@1.5.0
132 silly currentTree ├── string_decoder@1.1.1
132 silly currentTree ├── string-width@2.1.1
132 silly currentTree ├── strip-ansi@4.0.0
132 silly currentTree ├── strip-eof@1.0.0
132 silly currentTree ├── strip-json-comments@2.0.1
132 silly currentTree ├── supports-color@5.5.0
132 silly currentTree ├── term-size@1.2.0
132 silly currentTree ├── timed-out@4.0.1
132 silly currentTree ├─┬ to-object-path@0.3.0
132 silly currentTree │ └── kind-of@3.2.2
132 silly currentTree ├── to-regex-range@2.1.1
132 silly currentTree ├── to-regex@3.0.2
132 silly currentTree ├── toidentifier@1.0.0
132 silly currentTree ├── touch@3.1.0
132 silly currentTree ├── type-is@1.6.18
132 silly currentTree ├── uglify-js@3.6.0
132 silly currentTree ├── uid-safe@2.1.5
132 silly currentTree ├── undefsafe@2.0.2
132 silly currentTree ├── union-value@1.0.1
132 silly currentTree ├── unique-string@1.0.0
132 silly currentTree ├── universalify@0.1.2
132 silly currentTree ├── unpipe@1.0.0
132 silly currentTree ├─┬ unset-value@1.0.0
132 silly currentTree │ ├─┬ has-value@0.3.1
132 silly currentTree │ │ └── isobject@2.1.0
132 silly currentTree │ └── has-values@0.1.4
132 silly currentTree ├── unzip-response@2.0.1
132 silly currentTree ├── upath@1.1.2
132 silly currentTree ├── update-notifier@2.5.0
132 silly currentTree ├── urix@0.1.0
132 silly currentTree ├── url-parse-lax@1.0.0
132 silly currentTree ├── use@3.1.1
132 silly currentTree ├── util-deprecate@1.0.2
132 silly currentTree ├── utils-merge@1.0.1
132 silly currentTree ├── vary@1.1.2
132 silly currentTree ├── which@1.3.1
132 silly currentTree ├── widest-line@2.0.1
132 silly currentTree ├── wordwrap@0.0.3
132 silly currentTree ├── wrappy@1.0.2
132 silly currentTree ├── write-file-atomic@1.3.1
132 silly currentTree ├── xdg-basedir@3.0.0
132 silly currentTree └── yallist@2.1.2
133 silly idealTree training@1.0.0
133 silly idealTree ├── abbrev@1.1.1
133 silly idealTree ├── accepts@1.3.7
133 silly idealTree ├── ansi-align@2.0.0
133 silly idealTree ├── ansi-regex@3.0.0
133 silly idealTree ├── ansi-styles@3.2.1
133 silly idealTree ├─┬ anymatch@2.0.0
133 silly idealTree │ └── normalize-path@2.1.1
133 silly idealTree ├── arr-diff@4.0.0
133 silly idealTree ├── arr-flatten@1.1.0
133 silly idealTree ├── arr-union@3.1.0
133 silly idealTree ├── array-flatten@1.1.1
133 silly idealTree ├── array-unique@0.3.2
133 silly idealTree ├── asap@2.0.6
133 silly idealTree ├── assign-symbols@1.0.0
133 silly idealTree ├── async-each@1.0.3
133 silly idealTree ├── async@2.6.2
133 silly idealTree ├── atob@2.1.2
133 silly idealTree ├── bagpipe@0.3.5
133 silly idealTree ├── balanced-match@1.0.0
133 silly idealTree ├─┬ base@0.11.2
133 silly idealTree │ ├── define-property@1.0.0
133 silly idealTree │ ├── is-accessor-descriptor@1.0.0
133 silly idealTree │ ├── is-data-descriptor@1.0.0
133 silly idealTree │ └── is-descriptor@1.0.2
133 silly idealTree ├── basic-auth@2.0.1
133 silly idealTree ├── binary-extensions@1.13.1
133 silly idealTree ├── bluebird@3.5.1
133 silly idealTree ├─┬ body-parser@1.19.0
133 silly idealTree │ └── http-errors@1.7.2
133 silly idealTree ├── boxen@1.3.0
133 silly idealTree ├── brace-expansion@1.1.11
133 silly idealTree ├─┬ braces@2.3.2
133 silly idealTree │ └── extend-shallow@2.0.1
133 silly idealTree ├── bson@1.1.1
133 silly idealTree ├── bytes@3.1.0
133 silly idealTree ├── cache-base@1.0.1
133 silly idealTree ├── camelcase@4.1.0
133 silly idealTree ├── capture-stack-trace@1.0.1
133 silly idealTree ├── chalk@2.4.2
133 silly idealTree ├── chokidar@2.1.6
133 silly idealTree ├── ci-info@1.6.0
133 silly idealTree ├─┬ class-utils@0.3.6
133 silly idealTree │ └── define-property@0.2.5
133 silly idealTree ├── cli-boxes@1.0.0
133 silly idealTree ├── collection-visit@1.0.0
133 silly idealTree ├── color-convert@1.9.3
133 silly idealTree ├── color-name@1.1.3
133 silly idealTree ├── commander@2.20.0
133 silly idealTree ├── component-emitter@1.3.0
133 silly idealTree ├── concat-map@0.0.1
133 silly idealTree ├─┬ configstore@3.1.2
133 silly idealTree │ └── write-file-atomic@2.4.3
133 silly idealTree ├── content-disposition@0.5.3
133 silly idealTree ├── content-type@1.0.4
133 silly idealTree ├── cookie-parser@1.4.4
133 silly idealTree ├── cookie-signature@1.0.6
133 silly idealTree ├── cookie@0.3.1
133 silly idealTree ├── copy-descriptor@0.1.1
133 silly idealTree ├── core-util-is@1.0.2
133 silly idealTree ├── create-error-class@3.0.2
133 silly idealTree ├── cross-spawn@5.1.0
133 silly idealTree ├── crypto-random-string@1.0.0
133 silly idealTree ├── debug@2.6.9
133 silly idealTree ├── decode-uri-component@0.2.0
133 silly idealTree ├── deep-extend@0.6.0
133 silly idealTree ├── define-properties@1.1.3
133 silly idealTree ├─┬ define-property@2.0.2
133 silly idealTree │ ├── is-accessor-descriptor@1.0.0
133 silly idealTree │ ├── is-data-descriptor@1.0.0
133 silly idealTree │ └── is-descriptor@1.0.2
133 silly idealTree ├── depd@1.1.2
133 silly idealTree ├── destroy@1.0.4
133 silly idealTree ├── dot-prop@4.2.0
133 silly idealTree ├── duplexer3@0.1.4
133 silly idealTree ├── ee-first@1.1.1
133 silly idealTree ├── encodeurl@1.0.2
133 silly idealTree ├── escape-html@1.0.3
133 silly idealTree ├── escape-string-regexp@1.0.5
133 silly idealTree ├── etag@1.8.1
133 silly idealTree ├── execa@0.7.0
133 silly idealTree ├─┬ expand-brackets@2.1.4
133 silly idealTree │ ├── define-property@0.2.5
133 silly idealTree │ └── extend-shallow@2.0.1
133 silly idealTree ├── express-handlebars@3.1.0
133 silly idealTree ├─┬ express-session@1.16.2
133 silly idealTree │ └── depd@2.0.0
133 silly idealTree ├─┬ express@4.17.1
133 silly idealTree │ └── cookie@0.4.0
133 silly idealTree ├─┬ extend-shallow@3.0.2
133 silly idealTree │ └── is-extendable@1.0.1
133 silly idealTree ├─┬ extglob@2.0.4
133 silly idealTree │ ├── define-property@1.0.0
133 silly idealTree │ ├── extend-shallow@2.0.1
133 silly idealTree │ ├── is-accessor-descriptor@1.0.0
133 silly idealTree │ ├── is-data-descriptor@1.0.0
133 silly idealTree │ └── is-descriptor@1.0.2
133 silly idealTree ├─┬ fill-range@4.0.0
133 silly idealTree │ └── extend-shallow@2.0.1
133 silly idealTree ├── finalhandler@1.1.2
133 silly idealTree ├── for-in@1.0.2
133 silly idealTree ├── forwarded@0.1.2
133 silly idealTree ├── fragment-cache@0.2.1
133 silly idealTree ├── fresh@0.5.2
133 silly idealTree ├── fs-extra@8.1.0
133 silly idealTree ├── fs.realpath@1.0.0
133 silly idealTree ├── function-bind@1.1.1
133 silly idealTree ├── get-stream@3.0.0
133 silly idealTree ├── get-value@2.0.6
133 silly idealTree ├─┬ glob-parent@3.1.0
133 silly idealTree │ └── is-glob@3.1.0
133 silly idealTree ├── glob@7.1.4
133 silly idealTree ├── global-dirs@0.1.1
133 silly idealTree ├── got@6.7.1
133 silly idealTree ├── graceful-fs@4.2.0
133 silly idealTree ├── handlebars@4.1.2
133 silly idealTree ├── has-flag@3.0.0
133 silly idealTree ├── has-symbols@1.0.0
133 silly idealTree ├── has-value@1.0.0
133 silly idealTree ├─┬ has-values@1.0.0
133 silly idealTree │ └── kind-of@4.0.0
133 silly idealTree ├─┬ http-errors@1.7.3
133 silly idealTree │ └── inherits@2.0.4
133 silly idealTree ├── iconv-lite@0.4.24
133 silly idealTree ├── ignore-by-default@1.0.1
133 silly idealTree ├── import-lazy@2.1.0
133 silly idealTree ├── imurmurhash@0.1.4
133 silly idealTree ├── inflight@1.0.6
133 silly idealTree ├── inherits@2.0.3
133 silly idealTree ├── ini@1.3.5
133 silly idealTree ├── ipaddr.js@1.9.0
133 silly idealTree ├─┬ is-accessor-descriptor@0.1.6
133 silly idealTree │ └── kind-of@3.2.2
133 silly idealTree ├── is-binary-path@1.0.1
133 silly idealTree ├── is-buffer@1.1.6
133 silly idealTree ├── is-ci@1.2.1
133 silly idealTree ├─┬ is-data-descriptor@0.1.4
133 silly idealTree │ └── kind-of@3.2.2
133 silly idealTree ├─┬ is-descriptor@0.1.6
133 silly idealTree │ └── kind-of@5.1.0
133 silly idealTree ├── is-extendable@0.1.1
133 silly idealTree ├── is-extglob@2.1.1
133 silly idealTree ├── is-fullwidth-code-point@2.0.0
133 silly idealTree ├── is-glob@4.0.1
133 silly idealTree ├── is-installed-globally@0.1.0
133 silly idealTree ├── is-npm@1.0.0
133 silly idealTree ├─┬ is-number@3.0.0
133 silly idealTree │ └── kind-of@3.2.2
133 silly idealTree ├── is-obj@1.0.1
133 silly idealTree ├── is-path-inside@1.0.1
133 silly idealTree ├── is-plain-object@2.0.4
133 silly idealTree ├── is-redirect@1.0.0
133 silly idealTree ├── is-retry-allowed@1.1.0
133 silly idealTree ├── is-stream@1.1.0
133 silly idealTree ├── is-windows@1.0.2
133 silly idealTree ├── isarray@1.0.0
133 silly idealTree ├── isexe@2.0.0
133 silly idealTree ├── isobject@3.0.1
133 silly idealTree ├── jsonfile@4.0.0
133 silly idealTree ├── kareem@2.3.0
133 silly idealTree ├── kind-of@6.0.2
133 silly idealTree ├── latest-version@3.1.0
133 silly idealTree ├── lodash@4.17.15
133 silly idealTree ├── lowercase-keys@1.0.1
133 silly idealTree ├── lru-cache@4.1.5
133 silly idealTree ├── make-dir@1.3.0
133 silly idealTree ├── map-cache@0.2.2
133 silly idealTree ├── map-visit@1.0.0
133 silly idealTree ├── media-typer@0.3.0
133 silly idealTree ├── memory-pager@1.5.0
133 silly idealTree ├── merge-descriptors@1.0.1
133 silly idealTree ├─┬ method-override@3.0.0
133 silly idealTree │ └── debug@3.1.0
133 silly idealTree ├── methods@1.1.2
133 silly idealTree ├── micromatch@3.1.10
133 silly idealTree ├── mime-db@1.40.0
133 silly idealTree ├── mime-types@2.1.24
133 silly idealTree ├── mime@1.6.0
133 silly idealTree ├── minimatch@3.0.4
133 silly idealTree ├── minimist@0.0.10
133 silly idealTree ├─┬ mixin-deep@1.3.2
133 silly idealTree │ └── is-extendable@1.0.1
133 silly idealTree ├── mongodb-core@3.2.7
133 silly idealTree ├── mongodb@3.2.7
133 silly idealTree ├── mongoose-legacy-pluralize@1.0.2
133 silly idealTree ├─┬ mongoose@5.6.7
133 silly idealTree │ └── ms@2.1.2
133 silly idealTree ├── morgan@1.9.1
133 silly idealTree ├── mpath@0.6.0
133 silly idealTree ├─┬ mquery@3.2.1
133 silly idealTree │ └── debug@3.1.0
133 silly idealTree ├── ms@2.0.0
133 silly idealTree ├── nanomatch@1.2.13
133 silly idealTree ├── negotiator@0.6.2
133 silly idealTree ├── neo-async@2.6.1
133 silly idealTree ├── node-bin-setup@1.0.6
133 silly idealTree ├── node@12.7.0
133 silly idealTree ├─┬ nodemon@1.19.1
133 silly idealTree │ ├── debug@3.2.6
133 silly idealTree │ └── ms@2.1.2
133 silly idealTree ├── nopt@1.0.10
133 silly idealTree ├── normalize-path@3.0.0
133 silly idealTree ├── npm-run-path@2.0.2
133 silly idealTree ├── object-assign@4.1.1
133 silly idealTree ├─┬ object-copy@0.1.0
133 silly idealTree │ ├── define-property@0.2.5
133 silly idealTree │ └── kind-of@3.2.2
133 silly idealTree ├── object-keys@1.1.1
133 silly idealTree ├── object-visit@1.0.1
133 silly idealTree ├── object.assign@4.1.0
133 silly idealTree ├── object.pick@1.3.0
133 silly idealTree ├── on-finished@2.3.0
133 silly idealTree ├── on-headers@1.0.2
133 silly idealTree ├── once@1.4.0
133 silly idealTree ├── optimist@0.6.1
133 silly idealTree ├── p-finally@1.0.0
133 silly idealTree ├── package-json@4.0.1
133 silly idealTree ├── parseurl@1.3.3
133 silly idealTree ├── pascalcase@0.1.1
133 silly idealTree ├── path-dirname@1.0.2
133 silly idealTree ├── path-is-absolute@1.0.1
133 silly idealTree ├── path-is-inside@1.0.2
133 silly idealTree ├── path-key@2.0.1
133 silly idealTree ├── path-to-regexp@0.1.7
133 silly idealTree ├── pify@3.0.0
133 silly idealTree ├── posix-character-classes@0.1.1
133 silly idealTree ├── prepend-http@1.0.4
133 silly idealTree ├── process-nextick-args@2.0.1
133 silly idealTree ├── promise@8.0.3
133 silly idealTree ├── proxy-addr@2.0.5
133 silly idealTree ├── pseudomap@1.0.2
133 silly idealTree ├── pstree.remy@1.1.7
133 silly idealTree ├── qs@6.7.0
133 silly idealTree ├── random-bytes@1.0.0
133 silly idealTree ├── range-parser@1.2.1
133 silly idealTree ├─┬ raw-body@2.4.0
133 silly idealTree │ └── http-errors@1.7.2
133 silly idealTree ├─┬ rc@1.2.8
133 silly idealTree │ └── minimist@1.2.0
133 silly idealTree ├── readable-stream@2.3.6
133 silly idealTree ├── readdirp@2.2.1
133 silly idealTree ├── regex-not@1.0.2
133 silly idealTree ├── regexp-clone@1.0.0
133 silly idealTree ├── registry-auth-token@3.4.0
133 silly idealTree ├── registry-url@3.1.0
133 silly idealTree ├── remove-trailing-separator@1.1.0
133 silly idealTree ├── repeat-element@1.1.3
133 silly idealTree ├── repeat-string@1.6.1
133 silly idealTree ├── require_optional@1.0.1
133 silly idealTree ├── resolve-from@2.0.0
133 silly idealTree ├── resolve-url@0.2.1
133 silly idealTree ├── ret@0.1.15
133 silly idealTree ├── retry@0.12.0
133 silly idealTree ├── safe-buffer@5.1.2
133 silly idealTree ├── safe-regex@1.1.0
133 silly idealTree ├── safer-buffer@2.1.2
133 silly idealTree ├── saslprep@1.0.3
133 silly idealTree ├── semver-diff@2.1.0
133 silly idealTree ├── semver@5.7.0
133 silly idealTree ├─┬ send@0.17.1
133 silly idealTree │ └── ms@2.1.1
133 silly idealTree ├── serve-static@1.14.1
133 silly idealTree ├── session-file-store@1.3.1
133 silly idealTree ├─┬ set-value@2.0.1
133 silly idealTree │ └── extend-shallow@2.0.1
133 silly idealTree ├── setprototypeof@1.1.1
133 silly idealTree ├── shebang-command@1.2.0
133 silly idealTree ├── shebang-regex@1.0.0
133 silly idealTree ├── sift@7.0.1
133 silly idealTree ├── signal-exit@3.0.2
133 silly idealTree ├── sliced@1.0.1
133 silly idealTree ├── slide@1.1.6
133 silly idealTree ├─┬ snapdragon-node@2.1.1
133 silly idealTree │ ├── define-property@1.0.0
133 silly idealTree │ ├── is-accessor-descriptor@1.0.0
133 silly idealTree │ ├── is-data-descriptor@1.0.0
133 silly idealTree │ └── is-descriptor@1.0.2
133 silly idealTree ├─┬ snapdragon-util@3.0.1
133 silly idealTree │ └── kind-of@3.2.2
133 silly idealTree ├─┬ snapdragon@0.8.2
133 silly idealTree │ ├── define-property@0.2.5
133 silly idealTree │ ├── extend-shallow@2.0.1
133 silly idealTree │ └── source-map@0.5.7
133 silly idealTree ├── source-map-resolve@0.5.2
133 silly idealTree ├── source-map-url@0.4.0
133 silly idealTree ├── source-map@0.6.1
133 silly idealTree ├── sparse-bitfield@3.0.3
133 silly idealTree ├── split-string@3.1.0
133 silly idealTree ├─┬ static-extend@0.1.2
133 silly idealTree │ └── define-property@0.2.5
133 silly idealTree ├── statuses@1.5.0
133 silly idealTree ├── string_decoder@1.1.1
133 silly idealTree ├── string-width@2.1.1
133 silly idealTree ├── strip-ansi@4.0.0
133 silly idealTree ├── strip-eof@1.0.0
133 silly idealTree ├── strip-json-comments@2.0.1
133 silly idealTree ├── supports-color@5.5.0
133 silly idealTree ├── term-size@1.2.0
133 silly idealTree ├── timed-out@4.0.1
133 silly idealTree ├─┬ to-object-path@0.3.0
133 silly idealTree │ └── kind-of@3.2.2
133 silly idealTree ├── to-regex-range@2.1.1
133 silly idealTree ├── to-regex@3.0.2
133 silly idealTree ├── toidentifier@1.0.0
133 silly idealTree ├── touch@3.1.0
133 silly idealTree ├── type-is@1.6.18
133 silly idealTree ├── uglify-js@3.6.0
133 silly idealTree ├── uid-safe@2.1.5
133 silly idealTree ├── undefsafe@2.0.2
133 silly idealTree ├── union-value@1.0.1
133 silly idealTree ├── unique-string@1.0.0
133 silly idealTree ├── universalify@0.1.2
133 silly idealTree ├── unpipe@1.0.0
133 silly idealTree ├─┬ unset-value@1.0.0
133 silly idealTree │ ├─┬ has-value@0.3.1
133 silly idealTree │ │ └── isobject@2.1.0
133 silly idealTree │ └── has-values@0.1.4
133 silly idealTree ├── unzip-response@2.0.1
133 silly idealTree ├── upath@1.1.2
133 silly idealTree ├── update-notifier@2.5.0
133 silly idealTree ├── urix@0.1.0
133 silly idealTree ├── url-parse-lax@1.0.0
133 silly idealTree ├── use@3.1.1
133 silly idealTree ├── util-deprecate@1.0.2
133 silly idealTree ├── utils-merge@1.0.1
133 silly idealTree ├── vary@1.1.2
133 silly idealTree ├── which@1.3.1
133 silly idealTree ├── widest-line@2.0.1
133 silly idealTree ├── wordwrap@0.0.3
133 silly idealTree ├── wrappy@1.0.2
133 silly idealTree ├── write-file-atomic@1.3.1
133 silly idealTree ├── xdg-basedir@3.0.0
133 silly idealTree └── yallist@2.1.2
134 silly generateActionsToTake Starting
135 silly install generateActionsToTake
136 silly generateActionsToTake Finishing
137 silly diffTrees action count 2
138 silly diffTrees add node-bin-setup@1.0.6
139 silly diffTrees add node@12.7.0
140 silly decomposeActions action count 16
141 silly decomposeActions fetch node-bin-setup@1.0.6
142 silly decomposeActions extract node-bin-setup@1.0.6
143 silly decomposeActions test node-bin-setup@1.0.6
144 silly decomposeActions preinstall node-bin-setup@1.0.6
145 silly decomposeActions build node-bin-setup@1.0.6
146 silly decomposeActions install node-bin-setup@1.0.6
147 silly decomposeActions postinstall node-bin-setup@1.0.6
148 silly decomposeActions finalize node-bin-setup@1.0.6
149 silly decomposeActions fetch node@12.7.0
150 silly decomposeActions extract node@12.7.0
151 silly decomposeActions test node@12.7.0
152 silly decomposeActions preinstall node@12.7.0
153 silly decomposeActions build node@12.7.0
154 silly decomposeActions install node@12.7.0
155 silly decomposeActions postinstall node@12.7.0
156 silly decomposeActions finalize node@12.7.0
157 silly executeActions Starting
158 silly install executeActions
159 silly doSerial global-install 0
160 silly doParallel fetch 2
161 verbose lock using /home/stepan/.npm/_locks/staging-e85be3d537abf23b.lock for /home/stepan/trainingDay/node_modules/.staging
162 silly doParallel extract 2
163 silly extract node-bin-setup@1.0.6
164 silly extract node@12.7.0
165 verbose unbuild node_modules/.staging/node-bin-setup-7086d723
166 verbose unbuild node_modules/.staging/node-679ee163
167 silly gentlyRm /home/stepan/trainingDay/node_modules/.staging/node-bin-setup-7086d723 is being purged from base /home/stepan/trainingDay
168 verbose gentlyRm don't care about contents; nuking /home/stepan/trainingDay/node_modules/.staging/node-bin-setup-7086d723
169 verbose tar unpack /home/stepan/.npm/node-bin-setup/1.0.6/package.tgz
170 verbose tar unpacking to /home/stepan/trainingDay/node_modules/.staging/node-bin-setup-7086d723
171 silly gentlyRm /home/stepan/trainingDay/node_modules/.staging/node-bin-setup-7086d723 is being purged
172 verbose gentlyRm don't care about contents; nuking /home/stepan/trainingDay/node_modules/.staging/node-bin-setup-7086d723
173 silly gentlyRm /home/stepan/trainingDay/node_modules/.staging/node-679ee163 is being purged from base /home/stepan/trainingDay
174 verbose gentlyRm don't care about contents; nuking /home/stepan/trainingDay/node_modules/.staging/node-679ee163
175 silly gunzTarPerm modes [ '775', '664' ]
176 verbose tar unpack /home/stepan/.npm/node/12.7.0/package.tgz
177 verbose tar unpacking to /home/stepan/trainingDay/node_modules/.staging/node-679ee163
178 silly gentlyRm /home/stepan/trainingDay/node_modules/.staging/node-679ee163 is being purged
179 verbose gentlyRm don't care about contents; nuking /home/stepan/trainingDay/node_modules/.staging/node-679ee163
180 silly gunzTarPerm modes [ '775', '664' ]
181 silly gunzTarPerm extractEntry package.json
182 silly gunzTarPerm modified mode [ 'package.json', 420, 436 ]
183 silly gunzTarPerm extractEntry package.json
184 silly gunzTarPerm modified mode [ 'package.json', 420, 436 ]
185 silly gunzTarPerm extractEntry installArchSpecificPackage.js
186 silly gunzTarPerm modified mode [ 'installArchSpecificPackage.js', 420, 436 ]
187 silly gunzTarPerm extractEntry README.md
188 silly gunzTarPerm modified mode [ 'README.md', 420, 436 ]
189 silly gunzTarPerm extractEntry index.js
190 silly gunzTarPerm modified mode [ 'index.js', 420, 436 ]
191 silly gentlyRm /home/stepan/trainingDay/node_modules/.staging/node-bin-setup-7086d723/node_modules is being purged
192 verbose gentlyRm don't care about contents; nuking /home/stepan/trainingDay/node_modules/.staging/node-bin-setup-7086d723/node_modules
193 silly gentlyRm /home/stepan/trainingDay/node_modules/.staging/node-679ee163/node_modules is being purged
194 verbose gentlyRm don't care about contents; nuking /home/stepan/trainingDay/node_modules/.staging/node-679ee163/node_modules
195 silly doParallel preinstall 2
196 silly preinstall node-bin-setup@1.0.6 /home/stepan/trainingDay/node_modules/.staging/node-bin-setup-7086d723
197 info lifecycle node-bin-setup@1.0.6~preinstall: node-bin-setup@1.0.6
198 silly preinstall node@12.7.0 /home/stepan/trainingDay/node_modules/.staging/node-679ee163
199 info lifecycle node@12.7.0~preinstall: node@12.7.0
200 silly lifecycle node-bin-setup@1.0.6~preinstall: no script for preinstall, continuing
201 verbose lifecycle node@12.7.0~preinstall: unsafe-perm in lifecycle true
202 verbose lifecycle node@12.7.0~preinstall: PATH: /usr/share/npm/bin/node-gyp-bin:/home/stepan/trainingDay/node_modules/.staging/node-679ee163/node_modules/.bin:/home/stepan/trainingDay/node_modules/.bin:/usr/local/sbin:/usr/local/bin:/usr/sbin:/usr/bin:/sbin:/bin:/usr/games:/usr/local/games:/snap/bin
203 verbose lifecycle node@12.7.0~preinstall: CWD: /home/stepan/trainingDay/node_modules/.staging/node-679ee163
204 silly lifecycle node@12.7.0~preinstall: Args: [ '-c', 'node installArchSpecificPackage' ]
205 silly lifecycle node@12.7.0~preinstall: Returned: code: 1  signal: null
206 info lifecycle node@12.7.0~preinstall: Failed to exec preinstall script
207 verbose unlock done using /home/stepan/.npm/_locks/staging-e85be3d537abf23b.lock for /home/stepan/trainingDay/node_modules/.staging
208 silly rollbackFailedOptional Starting
209 silly rollbackFailedOptional Finishing
210 silly runTopLevelLifecycles Starting
211 silly runTopLevelLifecycles Finishing
212 silly install printInstalled
213 warn optional Skipping failed optional dependency /chokidar/fsevents:
214 warn notsup Not compatible with your operating system or architecture: fsevents@1.2.9
215 warn training@1.0.0 No description
216 verbose stack Error: node@12.7.0 preinstall: `node installArchSpecificPackage`
216 verbose stack Exit status 1
216 verbose stack     at EventEmitter.<anonymous> (/usr/share/npm/lib/utils/lifecycle.js:232:16)
216 verbose stack     at emitTwo (events.js:126:13)
216 verbose stack     at EventEmitter.emit (events.js:214:7)
216 verbose stack     at ChildProcess.<anonymous> (/usr/share/npm/lib/utils/spawn.js:24:14)
216 verbose stack     at emitTwo (events.js:126:13)
216 verbose stack     at ChildProcess.emit (events.js:214:7)
216 verbose stack     at maybeClose (internal/child_process.js:925:16)
216 verbose stack     at Process.ChildProcess._handle.onexit (internal/child_process.js:209:5)
217 verbose pkgid node@12.7.0
218 verbose cwd /home/stepan/trainingDay
219 error Linux 4.18.0-25-generic
220 error argv "/usr/bin/node" "/usr/bin/npm" "install" "node"
221 error node v8.10.0
222 error npm  v3.5.2
223 error code ELIFECYCLE
224 error node@12.7.0 preinstall: `node installArchSpecificPackage`
224 error Exit status 1
225 error Failed at the node@12.7.0 preinstall script 'node installArchSpecificPackage'.
225 error Make sure you have the latest version of node.js and npm installed.
225 error If you do, this is most likely a problem with the node package,
225 error not with npm itself.
225 error Tell the author that this fails on your system:
225 error     node installArchSpecificPackage
225 error You can get information on how to open an issue for this project with:
225 error     npm bugs node
225 error Or if that isn't available, you can get their info via:
225 error     npm owner ls node
225 error There is likely additional logging output above.
226 verbose exit [ 1, true ]
